<?xml version="1.0" encoding="UTF-8"?>
<!-- Generated by org.testng.reporters.JUnitReportReporter -->
<testsuite hostname="AMARENDER" failures="0" tests="1" name="TestScripts.BrokenLinksInPage" time="17.633" errors="0" timestamp="2024-08-02T21:36:47 IST" skipped="0">
  <testcase classname="TestScripts.BrokenLinksInPage" name="brokenLinkensInPage" time="17.633"/>
  <system-out/>
</testsuite> <!-- TestScripts.BrokenLinksInPage -->
