<?xml version="1.0" encoding="UTF-8"?>
<!-- Generated by org.testng.reporters.JUnitReportReporter -->
<testsuite hostname="AMARENDER" failures="0" tests="1" name="JAVA_programs.Practice" time="11.185" errors="0" timestamp="2024-09-04T11:52:59 IST" skipped="0">
  <testcase classname="JAVA_programs.Practice" name="autoSuggission" time="11.185"/>
  <system-out/>
</testsuite> <!-- JAVA_programs.Practice -->
