<?xml version="1.0" encoding="UTF-8"?>
<!-- Generated by org.testng.reporters.JUnitReportReporter -->
<testsuite hostname="AMARENDER" failures="0" tests="2" name="Scanario.DeleteCookies" time="5.649" errors="0" timestamp="2024-09-12T10:38:03 IST" skipped="1">
  <testcase classname="Scanario.DeleteCookies" name="getPageSource" time="5.649"/>
  <system-out/>
  <testcase classname="Scanario.DeleteCookies" name="deleteCookies">
    <skipped/>
  </testcase> <!-- deleteCookies -->
  <system-out/>
</testsuite> <!-- Scanario.DeleteCookies -->
