<?xml version="1.0" encoding="UTF-8"?>
<!-- Generated by org.testng.reporters.JUnitReportReporter -->
<testsuite hostname="AMARENDER" failures="0" tests="1" name="TestScripts.TopProgrmaingLanguages" time="12.658" errors="0" timestamp="2024-07-04T02:01:50 IST" skipped="0">
  <testcase classname="TestScripts.TopProgrmaingLanguages" name="topProgramingLanuages" time="12.658"/>
  <system-out/>
</testsuite> <!-- TestScripts.TopProgrmaingLanguages -->
