<?xml version="1.0" encoding="UTF-8"?>
<!-- Generated by org.testng.reporters.JUnitReportReporter -->
<testsuite hostname="AMARENDER" failures="0" tests="1" name="Scanario.GetUrlPresentAddressBar" time="6.507" errors="0" timestamp="2024-09-12T10:16:49 IST" skipped="0">
  <testcase classname="Scanario.GetUrlPresentAddressBar" name="getUrlPrsentAddressBar" time="6.507"/>
  <system-out/>
</testsuite> <!-- Scanario.GetUrlPresentAddressBar -->
