<?xml version="1.0" encoding="UTF-8"?>
<!-- Generated by org.testng.reporters.JUnitReportReporter -->
<testsuite hostname="AMARENDER" failures="0" tests="1" name="TestScripts.Amazon" time="9.550" errors="0" timestamp="2024-07-12T10:18:09 IST" skipped="0">
  <testcase classname="TestScripts.Amazon" name="searchProducts" time="9.550"/>
  <system-out/>
</testsuite> <!-- TestScripts.Amazon -->
