<?xml version="1.0" encoding="UTF-8"?>
<!-- Generated by org.testng.reporters.JUnitReportReporter -->
<testsuite hostname="AMARENDER" failures="0" tests="1" name="com.selenium.practice.scripts.FileUpload" time="8.804" errors="0" timestamp="2024-08-04T16:29:37 IST" skipped="0">
  <testcase classname="com.selenium.practice.scripts.FileUpload" name="fileUpload" time="8.804"/>
  <system-out/>
</testsuite> <!-- com.selenium.practice.scripts.FileUpload -->
