<?xml version="1.0" encoding="UTF-8"?>
<!-- Generated by org.testng.reporters.JUnitReportReporter -->
<testsuite hostname="AMARENDER" failures="0" tests="1" name="com.selenium.practice.scripts.WithoutUsingSendkeysEnteringText" time="3.295" errors="0" timestamp="2024-08-04T12:21:05 IST" skipped="0">
  <testcase classname="com.selenium.practice.scripts.WithoutUsingSendkeysEnteringText" name="withoutUsingSendkeysEnteringText" time="3.295"/>
  <system-out/>
</testsuite> <!-- com.selenium.practice.scripts.WithoutUsingSendkeysEnteringText -->
