<?xml version="1.0" encoding="UTF-8"?>
<!-- Generated by org.testng.reporters.JUnitReportReporter -->
<testsuite hostname="AMARENDER" failures="0" tests="1" name="Scanario.LoginInstagram" time="63.768" errors="0" timestamp="2024-09-12T15:44:32 IST" skipped="0">
  <testcase classname="Scanario.LoginInstagram" name="loginInstagram" time="63.768"/>
  <system-out/>
</testsuite> <!-- Scanario.LoginInstagram -->
