<?xml version="1.0" encoding="UTF-8"?>
<!-- Generated by org.testng.reporters.JUnitReportReporter -->
<testsuite hostname="AMARENDER" failures="0" tests="1" name="RunnerClass.TestRunner" time="0.225" errors="0" timestamp="2024-11-05T17:09:21 IST" skipped="0">
  <testcase classname="RunnerClass.TestRunner" name="runScenario" time="0.225"/>
  <system-out/>
</testsuite> <!-- RunnerClass.TestRunner -->
