<?xml version="1.0" encoding="UTF-8"?>
<!-- Generated by org.testng.reporters.JUnitReportReporter -->
<testsuite hostname="AMARENDER" failures="0" tests="5" name="com.v11.qa.testcases.Login2" time="23.953" errors="0" timestamp="2024-06-13T17:52:36 IST" skipped="0">
  <testcase classname="com.v11.qa.testcases.Login2" name="verifyLoginWithValidCredentials" time="3.811"/>
  <system-out/>
  <testcase classname="com.v11.qa.testcases.Login2" name="verifyLoginWithInvalidCredentials" time="7.881"/>
  <system-out/>
  <testcase classname="com.v11.qa.testcases.Login2" name="verifyLoginWithInvalidEmailAndValidPassword" time="4.199"/>
  <system-out/>
  <testcase classname="com.v11.qa.testcases.Login2" name="verifyLoginWithInvalidPasswordAndValidEmail" time="4.202"/>
  <system-out/>
  <testcase classname="com.v11.qa.testcases.Login2" name="verifyLoginWithoutProvidingCredential" time="3.860"/>
  <system-out/>
</testsuite> <!-- com.v11.qa.testcases.Login2 -->
