<?xml version="1.0" encoding="UTF-8"?>
<!-- Generated by org.testng.reporters.JUnitReportReporter -->
<testsuite hostname="AMARENDER" failures="0" tests="3" name="com.v11.qa.testcases.Search" time="10.058" errors="0" timestamp="2024-06-20T22:32:38 IST" skipped="0">
  <testcase classname="com.v11.qa.testcases.Search" name="verifySearchingWithoutProvidingAnyProduct" time="3.316"/>
  <system-out/>
  <testcase classname="com.v11.qa.testcases.Search" name="verifywithEexistingProduct" time="3.068"/>
  <system-out/>
  <testcase classname="com.v11.qa.testcases.Search" name="verifywithNonExistingProduct" time="3.674"/>
  <system-out/>
</testsuite> <!-- com.v11.qa.testcases.Search -->
